2022-05-02 10:43:44.453 WARN [AMQP Connection 180.76.160.246:5672]com.rabbitmq.client.impl.ForgivingExceptionHandler.log:115 -An unexpected connection driver error occured (Exception message: Connection reset)
2022-05-02 10:43:45.419 INFO [SimpleAsyncTaskExecutor-1]o.s.amqp.rabbit.listener.SimpleMessageListenerContainer.run:1212 -Restarting Consumer@32e5af53: tags=[{amq.ctag-0-Vt1zLtT4IFuc2IdW4E4Q=log.info}], channel=Cached Rabbit Channel: AMQChannel(amqp://gerry@180.76.160.246:5672/,1), conn: Proxy@6be1b273 Shared Rabbit Connection: SimpleConnection@6b9bc81a [delegate=amqp://gerry@180.76.160.246:5672/, localPort= 53808], acknowledgeMode=AUTO local queue size=0
2022-05-02 10:43:45.522 INFO [SimpleAsyncTaskExecutor-2]o.s.amqp.rabbit.connection.CachingConnectionFactory.createBareConnection:447 -Attempting to connect to: [180.76.160.246:5672]
2022-05-02 10:43:50.621 INFO [SimpleAsyncTaskExecutor-2]o.s.amqp.rabbit.listener.SimpleMessageListenerContainer.run:1212 -Restarting Consumer@72207505: tags=[{}], channel=null, acknowledgeMode=AUTO local queue size=0
2022-05-02 10:43:50.623 INFO [SimpleAsyncTaskExecutor-3]o.s.amqp.rabbit.connection.CachingConnectionFactory.createBareConnection:447 -Attempting to connect to: [180.76.160.246:5672]
2022-05-02 10:43:50.922 INFO [SimpleAsyncTaskExecutor-3]o.s.amqp.rabbit.connection.CachingConnectionFactory.createBareConnection:463 -Created new connection: rabbitConnectionFactory#4d4436d0:2/SimpleConnection@10ec1e8a [delegate=amqp://gerry@180.76.160.246:5672/, localPort= 55256]
2022-05-02 15:14:10.142 WARN [AMQP Connection 180.76.160.246:5672]com.rabbitmq.client.impl.ForgivingExceptionHandler.log:115 -An unexpected connection driver error occured (Exception message: Connection reset)
2022-05-02 15:14:11.109 INFO [SimpleAsyncTaskExecutor-3]o.s.amqp.rabbit.listener.SimpleMessageListenerContainer.run:1212 -Restarting Consumer@30288f8b: tags=[{amq.ctag-mubxDyr4PgRB78d6RlThTQ=log.info}], channel=Cached Rabbit Channel: AMQChannel(amqp://gerry@180.76.160.246:5672/,1), conn: Proxy@6be1b273 Shared Rabbit Connection: SimpleConnection@10ec1e8a [delegate=amqp://gerry@180.76.160.246:5672/, localPort= 55256], acknowledgeMode=AUTO local queue size=0
2022-05-02 15:14:11.114 INFO [SimpleAsyncTaskExecutor-4]o.s.amqp.rabbit.connection.CachingConnectionFactory.createBareConnection:447 -Attempting to connect to: [180.76.160.246:5672]
2022-05-02 15:14:16.224 INFO [SimpleAsyncTaskExecutor-4]o.s.amqp.rabbit.listener.SimpleMessageListenerContainer.run:1212 -Restarting Consumer@6cec8611: tags=[{}], channel=null, acknowledgeMode=AUTO local queue size=0
2022-05-02 15:14:16.226 INFO [SimpleAsyncTaskExecutor-5]o.s.amqp.rabbit.connection.CachingConnectionFactory.createBareConnection:447 -Attempting to connect to: [180.76.160.246:5672]
2022-05-02 15:14:21.329 INFO [SimpleAsyncTaskExecutor-5]o.s.amqp.rabbit.listener.SimpleMessageListenerContainer.run:1212 -Restarting Consumer@3ecffd3e: tags=[{}], channel=null, acknowledgeMode=AUTO local queue size=0
2022-05-02 15:14:21.330 INFO [SimpleAsyncTaskExecutor-6]o.s.amqp.rabbit.connection.CachingConnectionFactory.createBareConnection:447 -Attempting to connect to: [180.76.160.246:5672]
2022-05-02 15:14:26.358 INFO [SimpleAsyncTaskExecutor-6]o.s.amqp.rabbit.listener.SimpleMessageListenerContainer.run:1212 -Restarting Consumer@1a3de4fc: tags=[{}], channel=null, acknowledgeMode=AUTO local queue size=0
2022-05-02 15:14:26.361 INFO [SimpleAsyncTaskExecutor-7]o.s.amqp.rabbit.connection.CachingConnectionFactory.createBareConnection:447 -Attempting to connect to: [180.76.160.246:5672]
2022-05-02 15:14:31.431 INFO [SimpleAsyncTaskExecutor-7]o.s.amqp.rabbit.listener.SimpleMessageListenerContainer.run:1212 -Restarting Consumer@2e709828: tags=[{}], channel=null, acknowledgeMode=AUTO local queue size=0
2022-05-02 15:14:31.434 INFO [SimpleAsyncTaskExecutor-8]o.s.amqp.rabbit.connection.CachingConnectionFactory.createBareConnection:447 -Attempting to connect to: [180.76.160.246:5672]
2022-05-02 15:14:36.654 INFO [SimpleAsyncTaskExecutor-8]o.s.amqp.rabbit.listener.SimpleMessageListenerContainer.run:1212 -Restarting Consumer@1606f37b: tags=[{}], channel=null, acknowledgeMode=AUTO local queue size=0
2022-05-02 15:14:36.657 INFO [SimpleAsyncTaskExecutor-9]o.s.amqp.rabbit.connection.CachingConnectionFactory.createBareConnection:447 -Attempting to connect to: [180.76.160.246:5672]
2022-05-02 15:14:41.666 INFO [SimpleAsyncTaskExecutor-9]o.s.amqp.rabbit.listener.SimpleMessageListenerContainer.run:1212 -Restarting Consumer@7d03ae7c: tags=[{}], channel=null, acknowledgeMode=AUTO local queue size=0
2022-05-02 15:14:41.668 INFO [SimpleAsyncTaskExecutor-10]o.s.amqp.rabbit.connection.CachingConnectionFactory.createBareConnection:447 -Attempting to connect to: [180.76.160.246:5672]
2022-05-02 15:14:46.806 INFO [SimpleAsyncTaskExecutor-10]o.s.amqp.rabbit.listener.SimpleMessageListenerContainer.run:1212 -Restarting Consumer@206018c5: tags=[{}], channel=null, acknowledgeMode=AUTO local queue size=0
2022-05-02 15:14:46.811 INFO [SimpleAsyncTaskExecutor-11]o.s.amqp.rabbit.connection.CachingConnectionFactory.createBareConnection:447 -Attempting to connect to: [180.76.160.246:5672]
2022-05-02 15:14:51.959 INFO [SimpleAsyncTaskExecutor-11]o.s.amqp.rabbit.listener.SimpleMessageListenerContainer.run:1212 -Restarting Consumer@12970ac7: tags=[{}], channel=null, acknowledgeMode=AUTO local queue size=0
2022-05-02 15:14:51.959 INFO [SimpleAsyncTaskExecutor-12]o.s.amqp.rabbit.connection.CachingConnectionFactory.createBareConnection:447 -Attempting to connect to: [180.76.160.246:5672]
2022-05-02 15:14:57.136 INFO [SimpleAsyncTaskExecutor-12]o.s.amqp.rabbit.listener.SimpleMessageListenerContainer.run:1212 -Restarting Consumer@6f243c55: tags=[{}], channel=null, acknowledgeMode=AUTO local queue size=0
2022-05-02 15:14:57.138 INFO [SimpleAsyncTaskExecutor-13]o.s.amqp.rabbit.connection.CachingConnectionFactory.createBareConnection:447 -Attempting to connect to: [180.76.160.246:5672]
2022-05-02 15:14:57.478 INFO [SimpleAsyncTaskExecutor-13]o.s.amqp.rabbit.connection.CachingConnectionFactory.createBareConnection:463 -Created new connection: rabbitConnectionFactory#4d4436d0:12/SimpleConnection@483761cb [delegate=amqp://gerry@180.76.160.246:5672/, localPort= 65093]
2022-05-02 16:11:00.906 INFO [Thread-9]o.s.b.w.s.c.AnnotationConfigServletWebServerApplicationContext.doClose:993 -Closing org.springframework.boot.web.servlet.context.AnnotationConfigServletWebServerApplicationContext@1b955cac: startup date [Sun May 01 15:13:33 CST 2022]; root of context hierarchy
2022-05-02 16:11:00.925 INFO [Thread-9]o.s.context.support.DefaultLifecycleProcessor.stop:366 -Stopping beans in phase 2147483647
2022-05-02 16:11:01.015 INFO [Thread-9]o.s.amqp.rabbit.listener.SimpleMessageListenerContainer.doShutdown:534 -Waiting for workers to finish.
2022-05-02 16:11:01.078 INFO [Thread-9]o.s.amqp.rabbit.listener.SimpleMessageListenerContainer.doShutdown:537 -Successfully waited for workers to finish.
2022-05-02 16:11:01.078 INFO [Thread-9]o.s.context.support.DefaultLifecycleProcessor.stop:366 -Stopping beans in phase 0
2022-05-02 16:11:01.153 INFO [Thread-9]o.s.amqp.rabbit.listener.SimpleMessageListenerContainer.shutdown:1089 -Shutdown ignored - container is not active already
2022-05-02 16:11:01.231 INFO [Thread-9]o.s.jmx.export.annotation.AnnotationMBeanExporter.destroy:451 -Unregistering JMX-exposed beans on shutdown
2022-05-02 16:11:01.236 INFO [Thread-9]o.s.jmx.export.annotation.AnnotationMBeanExporter.unregisterBeans:183 -Unregistering JMX-exposed beans
2022-05-02 17:38:36.529 INFO [main]net.xdclass.xdvideo.XdvideoApplication.logStarting:50 -Starting XdvideoApplication on zhoushengyu with PID 35492 (started by shengyu in E:\编程下载\咕泡java\小滴课堂\springboot项目实战资料\资料\第2章\第1集\代码\xdvideo\xdvideo)
2022-05-02 17:38:36.532 INFO [main]net.xdclass.xdvideo.XdvideoApplication.logStartupProfileInfo:659 -No active profile set, falling back to default profiles: default
2022-05-02 17:38:36.568 INFO [main]o.s.b.w.s.c.AnnotationConfigServletWebServerApplicationContext.prepareRefresh:590 -Refreshing org.springframework.boot.web.servlet.context.AnnotationConfigServletWebServerApplicationContext@3d246ea3: startup date [Mon May 02 17:38:36 CST 2022]; root of context hierarchy
2022-05-02 17:38:37.412 INFO [main]o.s.d.repository.config.RepositoryConfigurationDelegate.multipleStoresDetected:163 -Multiple Spring Data modules found, entering strict repository configuration mode!
2022-05-02 17:38:37.650 INFO [main]o.s.c.s.PostProcessorRegistrationDelegate$BeanPostProcessorChecker.postProcessAfterInitialization:328 -Bean 'org.springframework.amqp.rabbit.annotation.RabbitBootstrapConfiguration' of type [org.springframework.amqp.rabbit.annotation.RabbitBootstrapConfiguration$$EnhancerBySpringCGLIB$$6bbf3e49] is not eligible for getting processed by all BeanPostProcessors (for example: not eligible for auto-proxying)
2022-05-02 17:38:37.694 INFO [main]o.s.c.s.PostProcessorRegistrationDelegate$BeanPostProcessorChecker.postProcessAfterInitialization:328 -Bean 'org.springframework.transaction.annotation.ProxyTransactionManagementConfiguration' of type [org.springframework.transaction.annotation.ProxyTransactionManagementConfiguration$$EnhancerBySpringCGLIB$$a553801b] is not eligible for getting processed by all BeanPostProcessors (for example: not eligible for auto-proxying)
2022-05-02 17:38:37.925 INFO [main]o.s.boot.web.embedded.tomcat.TomcatWebServer.initialize:91 -Tomcat initialized with port(s): 8080 (http)
2022-05-02 17:38:37.934 INFO [main]org.apache.coyote.http11.Http11NioProtocol.log:180 -Initializing ProtocolHandler ["http-nio-8080"]
2022-05-02 17:38:37.942 INFO [main]org.apache.catalina.core.StandardService.log:180 -Starting service [Tomcat]
2022-05-02 17:38:37.942 INFO [main]org.apache.catalina.core.StandardEngine.log:180 -Starting Servlet Engine: Apache Tomcat/8.5.31
2022-05-02 17:38:37.947 INFO [localhost-startStop-1]org.apache.catalina.core.AprLifecycleListener.log:180 -The APR based Apache Tomcat Native library which allows optimal performance in production environments was not found on the java.library.path: [C:\Program Files\Java\jdk1.8.0_131\bin;C:\WINDOWS\Sun\Java\bin;C:\WINDOWS\system32;C:\WINDOWS;C:\ProgramData\Oracle\Java\javapath;C:\WINDOWS\system32;C:\WINDOWS;C:\WINDOWS\System32\Wbem;C:\WINDOWS\System32\WindowsPowerShell\v1.0\;C:\WINDOWS\System32\OpenSSH\;C:\Program Files\dotnet\;C:\Program Files\Microsoft SQL Server\130\Tools\Binn\;D:\Program Files\Redis\;D:\Program Files\Git\Git\cmd;C:\Program Files\TortoiseGit\bin;D:\Program Files (x86)\Microsoft SQL Server\100\Tools\Binn\;D:\Program Files\Microsoft SQL Server\100\Tools\Binn\;D:\Program Files\Microsoft SQL Server\100\DTS\Binn\;D:\Program Files (x86)\Microsoft SQL Server\100\Tools\Binn\VSShell\Common7\IDE\;C:\Program Files (x86)\Microsoft Visual Studio 9.0\Common7\IDE\PrivateAssemblies\;D:\Program Files (x86)\Microsoft SQL Server\100\DTS\Binn\;D:\Program Files\Microsoft VS Code\Microsoft VS Code\bin;D:\Program Files\nodejs\;C:\Program Files\Microsoft SQL Server\150\Tools\Binn\;C:\Program Files\Java\jdk1.8.0_131\bin;C:\Program Files\Microsoft SQL Server\Client SDK\ODBC\170\Tools\Binn\;D:\Program Files (x86)\VisualSVN Server\bin;C:\Program Files\TortoiseSVN\bin;D:\Program Files\apache-maven-3.6.3\bin;D:\Program Files\Xshell7\;D:\Program Files\Xftp7\;C:\Program Files\MySQL\MySQL Shell 8.0\bin\;C:\Users\shengyu\AppData\Local\Microsoft\WindowsApps;C:\Users\shengyu\.dotnet\tools;C:\Users\shengyu\AppData\Roaming\npm;D:\Program Files\nodejs\node_global;;D:\Program Files\Fiddler;.]
2022-05-02 17:38:38.056 INFO [localhost-startStop-1]o.a.catalina.core.ContainerBase.[Tomcat].[localhost].[/].log:180 -Initializing Spring embedded WebApplicationContext
2022-05-02 17:38:38.056 INFO [localhost-startStop-1]org.springframework.web.context.ContextLoader.prepareWebApplicationContext:285 -Root WebApplicationContext: initialization completed in 1488 ms
2022-05-02 17:38:38.168 INFO [localhost-startStop-1]o.s.boot.web.servlet.ServletRegistrationBean.addRegistration:186 -Servlet dispatcherServlet mapped to [/]
2022-05-02 17:38:38.172 INFO [localhost-startStop-1]o.s.boot.web.servlet.FilterRegistrationBean.configure:245 -Mapping filter: 'characterEncodingFilter' to: [/*]
2022-05-02 17:38:38.173 INFO [localhost-startStop-1]o.s.boot.web.servlet.FilterRegistrationBean.configure:245 -Mapping filter: 'hiddenHttpMethodFilter' to: [/*]
2022-05-02 17:38:38.173 INFO [localhost-startStop-1]o.s.boot.web.servlet.FilterRegistrationBean.configure:245 -Mapping filter: 'httpPutFormContentFilter' to: [/*]
2022-05-02 17:38:38.173 INFO [localhost-startStop-1]o.s.boot.web.servlet.FilterRegistrationBean.configure:245 -Mapping filter: 'requestContextFilter' to: [/*]
2022-05-02 17:38:38.658 INFO [main]o.s.web.servlet.handler.SimpleUrlHandlerMapping.registerHandler:373 -Mapped URL path [/**/favicon.ico] onto handler of type [class org.springframework.web.servlet.resource.ResourceHttpRequestHandler]
2022-05-02 17:38:38.837 INFO [main]o.s.w.s.m.method.annotation.RequestMappingHandlerAdapter.initControllerAdviceCache:574 -Looking for @ControllerAdvice: org.springframework.boot.web.servlet.context.AnnotationConfigServletWebServerApplicationContext@3d246ea3: startup date [Mon May 02 17:38:36 CST 2022]; root of context hierarchy
2022-05-02 17:38:38.883 INFO [main]o.s.w.s.m.method.annotation.RequestMappingHandlerMapping.register:547 -Mapped "{[/api/order/ceshi1],methods=[GET]}" onto public void net.xdclass.xdvideo.controller.OrderController.ceshiEXCTPITON()
2022-05-02 17:38:38.885 INFO [main]o.s.w.s.m.method.annotation.RequestMappingHandlerMapping.register:547 -Mapped "{[/api/order/orderCallBack],methods=[POST]}" onto public synchronized void net.xdclass.xdvideo.controller.OrderController.orderCallBack(javax.servlet.http.HttpServletResponse,javax.servlet.http.HttpServletRequest) throws java.lang.Exception
2022-05-02 17:38:38.885 INFO [main]o.s.w.s.m.method.annotation.RequestMappingHandlerMapping.register:547 -Mapped "{[/api/order/add],methods=[GET]}" onto public net.xdclass.xdvideo.domain.JsonData net.xdclass.xdvideo.controller.OrderController.savaOrder(javax.servlet.http.HttpServletRequest,javax.servlet.http.HttpServletResponse,net.xdclass.xdvideo.domain.VideoOrder)
2022-05-02 17:38:38.887 INFO [main]o.s.w.s.m.method.annotation.RequestMappingHandlerMapping.register:547 -Mapped "{[/api/video/update],methods=[GET]}" onto public java.lang.Object net.xdclass.xdvideo.controller.VideoController.update(net.xdclass.xdvideo.domain.Video)
2022-05-02 17:38:38.887 INFO [main]o.s.w.s.m.method.annotation.RequestMappingHandlerMapping.register:547 -Mapped "{[/api/video/test]}" onto public java.lang.String net.xdclass.xdvideo.controller.VideoController.test()
2022-05-02 17:38:38.887 INFO [main]o.s.w.s.m.method.annotation.RequestMappingHandlerMapping.register:547 -Mapped "{[/api/video/ceshi],methods=[GET]}" onto public void net.xdclass.xdvideo.controller.VideoController.ceshi()
2022-05-02 17:38:38.887 INFO [main]o.s.w.s.m.method.annotation.RequestMappingHandlerMapping.register:547 -Mapped "{[/api/video/page],methods=[POST]}" onto public net.xdclass.xdvideo.domain.JsonData net.xdclass.xdvideo.controller.VideoController.pageVideo(int,int,javax.servlet.http.HttpServletResponse,javax.servlet.http.HttpServletRequest)
2022-05-02 17:38:38.887 INFO [main]o.s.w.s.m.method.annotation.RequestMappingHandlerMapping.register:547 -Mapped "{[/api/loginurl],methods=[GET]}" onto public net.xdclass.xdvideo.domain.JsonData net.xdclass.xdvideo.controller.WeChatController.loginurl(java.lang.String,javax.servlet.http.HttpServletResponse)
2022-05-02 17:38:38.888 INFO [main]o.s.w.s.m.method.annotation.RequestMappingHandlerMapping.register:547 -Mapped "{[/error]}" onto public org.springframework.http.ResponseEntity<java.util.Map<java.lang.String, java.lang.Object>> org.springframework.boot.autoconfigure.web.servlet.error.BasicErrorController.error(javax.servlet.http.HttpServletRequest)
2022-05-02 17:38:38.889 INFO [main]o.s.w.s.m.method.annotation.RequestMappingHandlerMapping.register:547 -Mapped "{[/error],produces=[text/html]}" onto public org.springframework.web.servlet.ModelAndView org.springframework.boot.autoconfigure.web.servlet.error.BasicErrorController.errorHtml(javax.servlet.http.HttpServletRequest,javax.servlet.http.HttpServletResponse)
2022-05-02 17:38:38.909 INFO [main]o.s.web.servlet.handler.SimpleUrlHandlerMapping.registerHandler:373 -Mapped URL path [/webjars/**] onto handler of type [class org.springframework.web.servlet.resource.ResourceHttpRequestHandler]
2022-05-02 17:38:38.910 INFO [main]o.s.web.servlet.handler.SimpleUrlHandlerMapping.registerHandler:373 -Mapped URL path [/**] onto handler of type [class org.springframework.web.servlet.resource.ResourceHttpRequestHandler]
2022-05-02 17:38:38.924 INFO [main]o.s.w.s.m.m.annotation.ExceptionHandlerExceptionResolver.initExceptionHandlerAdviceCache:288 -Detected @ExceptionHandler methods in xdExceptionHandler
2022-05-02 17:38:38.949 INFO [main]o.s.b.a.web.servlet.WelcomePageHandlerMapping.<init>:56 -Adding welcome page: class path resource [static/index.html]
2022-05-02 17:38:39.464 INFO [main]o.s.jmx.export.annotation.AnnotationMBeanExporter.afterSingletonsInstantiated:433 -Registering beans for JMX exposure on startup
2022-05-02 17:38:39.465 INFO [main]o.s.jmx.export.annotation.AnnotationMBeanExporter.autodetect:895 -Bean with name 'dataSource' has been autodetected for JMX exposure
2022-05-02 17:38:39.470 INFO [main]o.s.jmx.export.annotation.AnnotationMBeanExporter.autodetect:895 -Bean with name 'rabbitConnectionFactory' has been autodetected for JMX exposure
2022-05-02 17:38:39.473 INFO [main]o.s.jmx.export.annotation.AnnotationMBeanExporter.registerBeanInstance:668 -Located MBean 'dataSource': registering with JMX server as MBean [com.alibaba.druid.pool:name=dataSource,type=DruidDataSource]
2022-05-02 17:38:39.475 INFO [main]o.s.jmx.export.annotation.AnnotationMBeanExporter.registerBeanInstance:675 -Located managed bean 'rabbitConnectionFactory': registering with JMX server as MBean [org.springframework.amqp.rabbit.connection:name=rabbitConnectionFactory,type=CachingConnectionFactory]
2022-05-02 17:38:39.506 INFO [main]o.s.context.support.DefaultLifecycleProcessor.start:351 -Starting beans in phase 2147483647
2022-05-02 17:38:39.512 INFO [SimpleAsyncTaskExecutor-1]o.s.amqp.rabbit.connection.CachingConnectionFactory.createBareConnection:447 -Attempting to connect to: [180.76.160.246:5672]
2022-05-02 17:38:39.840 INFO [SimpleAsyncTaskExecutor-1]o.s.amqp.rabbit.connection.CachingConnectionFactory.createBareConnection:463 -Created new connection: rabbitConnectionFactory#317890ea:0/SimpleConnection@ed9151c [delegate=amqp://gerry@180.76.160.246:5672/, localPort= 49824]
2022-05-02 17:38:40.152 INFO [main]org.apache.coyote.http11.Http11NioProtocol.log:180 -Starting ProtocolHandler ["http-nio-8080"]
2022-05-02 17:38:40.159 INFO [main]org.apache.tomcat.util.net.NioSelectorPool.log:180 -Using a shared selector for servlet write/read
2022-05-02 17:38:40.170 INFO [main]o.s.boot.web.embedded.tomcat.TomcatWebServer.start:206 -Tomcat started on port(s): 8080 (http) with context path ''
2022-05-02 17:38:40.173 INFO [main]net.xdclass.xdvideo.XdvideoApplication.logStarted:59 -Started XdvideoApplication in 4.121 seconds (JVM running for 5.785)
2022-05-02 17:39:10.033 INFO [http-nio-8080-exec-1]o.a.catalina.core.ContainerBase.[Tomcat].[localhost].[/].log:180 -Initializing Spring FrameworkServlet 'dispatcherServlet'
2022-05-02 17:39:10.034 INFO [http-nio-8080-exec-1]org.springframework.web.servlet.DispatcherServlet.initServletBean:494 -FrameworkServlet 'dispatcherServlet': initialization started
2022-05-02 17:39:10.063 INFO [http-nio-8080-exec-1]org.springframework.web.servlet.DispatcherServlet.initServletBean:509 -FrameworkServlet 'dispatcherServlet': initialization completed in 29 ms
2022-05-02 17:39:42.997 INFO [Thread-10]o.s.b.w.s.c.AnnotationConfigServletWebServerApplicationContext.doClose:993 -Closing org.springframework.boot.web.servlet.context.AnnotationConfigServletWebServerApplicationContext@3d246ea3: startup date [Mon May 02 17:38:36 CST 2022]; root of context hierarchy
2022-05-02 17:39:42.999 INFO [Thread-10]o.s.context.support.DefaultLifecycleProcessor.stop:366 -Stopping beans in phase 2147483647
2022-05-02 17:39:43.077 INFO [Thread-10]o.s.amqp.rabbit.listener.SimpleMessageListenerContainer.doShutdown:534 -Waiting for workers to finish.
2022-05-02 17:39:43.614 INFO [Thread-10]o.s.amqp.rabbit.listener.SimpleMessageListenerContainer.doShutdown:537 -Successfully waited for workers to finish.
2022-05-02 17:39:43.614 INFO [Thread-10]o.s.context.support.DefaultLifecycleProcessor.stop:366 -Stopping beans in phase 0
2022-05-02 17:39:43.626 INFO [Thread-10]o.s.amqp.rabbit.listener.SimpleMessageListenerContainer.shutdown:1089 -Shutdown ignored - container is not active already
2022-05-02 17:39:43.694 INFO [Thread-10]o.s.jmx.export.annotation.AnnotationMBeanExporter.destroy:451 -Unregistering JMX-exposed beans on shutdown
2022-05-02 17:39:43.695 INFO [Thread-10]o.s.jmx.export.annotation.AnnotationMBeanExporter.unregisterBeans:183 -Unregistering JMX-exposed beans
2022-05-02 17:39:48.489 INFO [main]net.xdclass.xdvideo.XdvideoApplication.logStarting:50 -Starting XdvideoApplication on zhoushengyu with PID 32468 (started by shengyu in E:\编程下载\咕泡java\小滴课堂\springboot项目实战资料\资料\第2章\第1集\代码\xdvideo\xdvideo)
2022-05-02 17:39:48.492 INFO [main]net.xdclass.xdvideo.XdvideoApplication.logStartupProfileInfo:659 -No active profile set, falling back to default profiles: default
2022-05-02 17:39:48.538 INFO [main]o.s.b.w.s.c.AnnotationConfigServletWebServerApplicationContext.prepareRefresh:590 -Refreshing org.springframework.boot.web.servlet.context.AnnotationConfigServletWebServerApplicationContext@52c3cb31: startup date [Mon May 02 17:39:48 CST 2022]; root of context hierarchy
2022-05-02 17:39:49.063 INFO [main]o.s.d.repository.config.RepositoryConfigurationDelegate.multipleStoresDetected:163 -Multiple Spring Data modules found, entering strict repository configuration mode!
2022-05-02 17:39:49.340 INFO [main]o.s.c.s.PostProcessorRegistrationDelegate$BeanPostProcessorChecker.postProcessAfterInitialization:328 -Bean 'org.springframework.amqp.rabbit.annotation.RabbitBootstrapConfiguration' of type [org.springframework.amqp.rabbit.annotation.RabbitBootstrapConfiguration$$EnhancerBySpringCGLIB$$ac47b5e4] is not eligible for getting processed by all BeanPostProcessors (for example: not eligible for auto-proxying)
2022-05-02 17:39:49.386 INFO [main]o.s.c.s.PostProcessorRegistrationDelegate$BeanPostProcessorChecker.postProcessAfterInitialization:328 -Bean 'org.springframework.transaction.annotation.ProxyTransactionManagementConfiguration' of type [org.springframework.transaction.annotation.ProxyTransactionManagementConfiguration$$EnhancerBySpringCGLIB$$e5dbf7b6] is not eligible for getting processed by all BeanPostProcessors (for example: not eligible for auto-proxying)
2022-05-02 17:39:49.652 INFO [main]o.s.boot.web.embedded.tomcat.TomcatWebServer.initialize:91 -Tomcat initialized with port(s): 8080 (http)
2022-05-02 17:39:49.665 INFO [main]org.apache.coyote.http11.Http11NioProtocol.log:180 -Initializing ProtocolHandler ["http-nio-8080"]
2022-05-02 17:39:49.688 INFO [main]org.apache.catalina.core.StandardService.log:180 -Starting service [Tomcat]
2022-05-02 17:39:49.688 INFO [main]org.apache.catalina.core.StandardEngine.log:180 -Starting Servlet Engine: Apache Tomcat/8.5.31
2022-05-02 17:39:49.694 INFO [localhost-startStop-1]org.apache.catalina.core.AprLifecycleListener.log:180 -The APR based Apache Tomcat Native library which allows optimal performance in production environments was not found on the java.library.path: [C:\Program Files\Java\jdk1.8.0_131\bin;C:\WINDOWS\Sun\Java\bin;C:\WINDOWS\system32;C:\WINDOWS;C:\ProgramData\Oracle\Java\javapath;C:\WINDOWS\system32;C:\WINDOWS;C:\WINDOWS\System32\Wbem;C:\WINDOWS\System32\WindowsPowerShell\v1.0\;C:\WINDOWS\System32\OpenSSH\;C:\Program Files\dotnet\;C:\Program Files\Microsoft SQL Server\130\Tools\Binn\;D:\Program Files\Redis\;D:\Program Files\Git\Git\cmd;C:\Program Files\TortoiseGit\bin;D:\Program Files (x86)\Microsoft SQL Server\100\Tools\Binn\;D:\Program Files\Microsoft SQL Server\100\Tools\Binn\;D:\Program Files\Microsoft SQL Server\100\DTS\Binn\;D:\Program Files (x86)\Microsoft SQL Server\100\Tools\Binn\VSShell\Common7\IDE\;C:\Program Files (x86)\Microsoft Visual Studio 9.0\Common7\IDE\PrivateAssemblies\;D:\Program Files (x86)\Microsoft SQL Server\100\DTS\Binn\;D:\Program Files\Microsoft VS Code\Microsoft VS Code\bin;D:\Program Files\nodejs\;C:\Program Files\Microsoft SQL Server\150\Tools\Binn\;C:\Program Files\Java\jdk1.8.0_131\bin;C:\Program Files\Microsoft SQL Server\Client SDK\ODBC\170\Tools\Binn\;D:\Program Files (x86)\VisualSVN Server\bin;C:\Program Files\TortoiseSVN\bin;D:\Program Files\apache-maven-3.6.3\bin;D:\Program Files\Xshell7\;D:\Program Files\Xftp7\;C:\Program Files\MySQL\MySQL Shell 8.0\bin\;C:\Users\shengyu\AppData\Local\Microsoft\WindowsApps;C:\Users\shengyu\.dotnet\tools;C:\Users\shengyu\AppData\Roaming\npm;D:\Program Files\nodejs\node_global;;D:\Program Files\Fiddler;.]
2022-05-02 17:39:49.818 INFO [localhost-startStop-1]o.a.catalina.core.ContainerBase.[Tomcat].[localhost].[/].log:180 -Initializing Spring embedded WebApplicationContext
2022-05-02 17:39:49.818 INFO [localhost-startStop-1]org.springframework.web.context.ContextLoader.prepareWebApplicationContext:285 -Root WebApplicationContext: initialization completed in 1280 ms
2022-05-02 17:39:49.982 INFO [localhost-startStop-1]o.s.boot.web.servlet.ServletRegistrationBean.addRegistration:186 -Servlet dispatcherServlet mapped to [/]
2022-05-02 17:39:49.989 INFO [localhost-startStop-1]o.s.boot.web.servlet.FilterRegistrationBean.configure:245 -Mapping filter: 'characterEncodingFilter' to: [/*]
2022-05-02 17:39:49.990 INFO [localhost-startStop-1]o.s.boot.web.servlet.FilterRegistrationBean.configure:245 -Mapping filter: 'hiddenHttpMethodFilter' to: [/*]
2022-05-02 17:39:49.990 INFO [localhost-startStop-1]o.s.boot.web.servlet.FilterRegistrationBean.configure:245 -Mapping filter: 'httpPutFormContentFilter' to: [/*]
2022-05-02 17:39:49.990 INFO [localhost-startStop-1]o.s.boot.web.servlet.FilterRegistrationBean.configure:245 -Mapping filter: 'requestContextFilter' to: [/*]
2022-05-02 17:39:50.561 INFO [main]o.s.web.servlet.handler.SimpleUrlHandlerMapping.registerHandler:373 -Mapped URL path [/**/favicon.ico] onto handler of type [class org.springframework.web.servlet.resource.ResourceHttpRequestHandler]
2022-05-02 17:39:50.747 INFO [main]o.s.w.s.m.method.annotation.RequestMappingHandlerAdapter.initControllerAdviceCache:574 -Looking for @ControllerAdvice: org.springframework.boot.web.servlet.context.AnnotationConfigServletWebServerApplicationContext@52c3cb31: startup date [Mon May 02 17:39:48 CST 2022]; root of context hierarchy
2022-05-02 17:39:50.791 INFO [main]o.s.w.s.m.method.annotation.RequestMappingHandlerMapping.register:547 -Mapped "{[/api/order/ceshi1],methods=[GET]}" onto public void net.xdclass.xdvideo.controller.OrderController.ceshiEXCTPITON()
2022-05-02 17:39:50.793 INFO [main]o.s.w.s.m.method.annotation.RequestMappingHandlerMapping.register:547 -Mapped "{[/api/order/add],methods=[POST]}" onto public net.xdclass.xdvideo.domain.JsonData net.xdclass.xdvideo.controller.OrderController.savaOrder(javax.servlet.http.HttpServletRequest,javax.servlet.http.HttpServletResponse,net.xdclass.xdvideo.domain.VideoOrder)
2022-05-02 17:39:50.793 INFO [main]o.s.w.s.m.method.annotation.RequestMappingHandlerMapping.register:547 -Mapped "{[/api/order/orderCallBack],methods=[POST]}" onto public synchronized void net.xdclass.xdvideo.controller.OrderController.orderCallBack(javax.servlet.http.HttpServletResponse,javax.servlet.http.HttpServletRequest) throws java.lang.Exception
2022-05-02 17:39:50.794 INFO [main]o.s.w.s.m.method.annotation.RequestMappingHandlerMapping.register:547 -Mapped "{[/api/video/update],methods=[GET]}" onto public java.lang.Object net.xdclass.xdvideo.controller.VideoController.update(net.xdclass.xdvideo.domain.Video)
2022-05-02 17:39:50.794 INFO [main]o.s.w.s.m.method.annotation.RequestMappingHandlerMapping.register:547 -Mapped "{[/api/video/test]}" onto public java.lang.String net.xdclass.xdvideo.controller.VideoController.test()
2022-05-02 17:39:50.795 INFO [main]o.s.w.s.m.method.annotation.RequestMappingHandlerMapping.register:547 -Mapped "{[/api/video/page],methods=[POST]}" onto public net.xdclass.xdvideo.domain.JsonData net.xdclass.xdvideo.controller.VideoController.pageVideo(int,int,javax.servlet.http.HttpServletResponse,javax.servlet.http.HttpServletRequest)
2022-05-02 17:39:50.795 INFO [main]o.s.w.s.m.method.annotation.RequestMappingHandlerMapping.register:547 -Mapped "{[/api/video/ceshi],methods=[GET]}" onto public void net.xdclass.xdvideo.controller.VideoController.ceshi()
2022-05-02 17:39:50.795 INFO [main]o.s.w.s.m.method.annotation.RequestMappingHandlerMapping.register:547 -Mapped "{[/api/loginurl],methods=[GET]}" onto public net.xdclass.xdvideo.domain.JsonData net.xdclass.xdvideo.controller.WeChatController.loginurl(java.lang.String,javax.servlet.http.HttpServletResponse)
2022-05-02 17:39:50.797 INFO [main]o.s.w.s.m.method.annotation.RequestMappingHandlerMapping.register:547 -Mapped "{[/error]}" onto public org.springframework.http.ResponseEntity<java.util.Map<java.lang.String, java.lang.Object>> org.springframework.boot.autoconfigure.web.servlet.error.BasicErrorController.error(javax.servlet.http.HttpServletRequest)
2022-05-02 17:39:50.797 INFO [main]o.s.w.s.m.method.annotation.RequestMappingHandlerMapping.register:547 -Mapped "{[/error],produces=[text/html]}" onto public org.springframework.web.servlet.ModelAndView org.springframework.boot.autoconfigure.web.servlet.error.BasicErrorController.errorHtml(javax.servlet.http.HttpServletRequest,javax.servlet.http.HttpServletResponse)
2022-05-02 17:39:50.820 INFO [main]o.s.web.servlet.handler.SimpleUrlHandlerMapping.registerHandler:373 -Mapped URL path [/webjars/**] onto handler of type [class org.springframework.web.servlet.resource.ResourceHttpRequestHandler]
2022-05-02 17:39:50.820 INFO [main]o.s.web.servlet.handler.SimpleUrlHandlerMapping.registerHandler:373 -Mapped URL path [/**] onto handler of type [class org.springframework.web.servlet.resource.ResourceHttpRequestHandler]
2022-05-02 17:39:50.832 INFO [main]o.s.w.s.m.m.annotation.ExceptionHandlerExceptionResolver.initExceptionHandlerAdviceCache:288 -Detected @ExceptionHandler methods in xdExceptionHandler
2022-05-02 17:39:50.857 INFO [main]o.s.b.a.web.servlet.WelcomePageHandlerMapping.<init>:56 -Adding welcome page: class path resource [static/index.html]
2022-05-02 17:39:51.417 INFO [main]o.s.jmx.export.annotation.AnnotationMBeanExporter.afterSingletonsInstantiated:433 -Registering beans for JMX exposure on startup
2022-05-02 17:39:51.419 INFO [main]o.s.jmx.export.annotation.AnnotationMBeanExporter.autodetect:895 -Bean with name 'dataSource' has been autodetected for JMX exposure
2022-05-02 17:39:51.425 INFO [main]o.s.jmx.export.annotation.AnnotationMBeanExporter.autodetect:895 -Bean with name 'rabbitConnectionFactory' has been autodetected for JMX exposure
2022-05-02 17:39:51.427 INFO [main]o.s.jmx.export.annotation.AnnotationMBeanExporter.registerBeanInstance:668 -Located MBean 'dataSource': registering with JMX server as MBean [com.alibaba.druid.pool:name=dataSource,type=DruidDataSource]
2022-05-02 17:39:51.429 INFO [main]o.s.jmx.export.annotation.AnnotationMBeanExporter.registerBeanInstance:675 -Located managed bean 'rabbitConnectionFactory': registering with JMX server as MBean [org.springframework.amqp.rabbit.connection:name=rabbitConnectionFactory,type=CachingConnectionFactory]
2022-05-02 17:39:51.472 INFO [main]o.s.context.support.DefaultLifecycleProcessor.start:351 -Starting beans in phase 2147483647
2022-05-02 17:39:51.479 INFO [SimpleAsyncTaskExecutor-1]o.s.amqp.rabbit.connection.CachingConnectionFactory.createBareConnection:447 -Attempting to connect to: [180.76.160.246:5672]
2022-05-02 17:39:51.778 INFO [SimpleAsyncTaskExecutor-1]o.s.amqp.rabbit.connection.CachingConnectionFactory.createBareConnection:463 -Created new connection: rabbitConnectionFactory#63fd4dda:0/SimpleConnection@6295f2d3 [delegate=amqp://gerry@180.76.160.246:5672/, localPort= 50302]
2022-05-02 17:39:52.070 INFO [main]org.apache.coyote.http11.Http11NioProtocol.log:180 -Starting ProtocolHandler ["http-nio-8080"]
2022-05-02 17:39:52.081 INFO [main]org.apache.tomcat.util.net.NioSelectorPool.log:180 -Using a shared selector for servlet write/read
2022-05-02 17:39:52.097 INFO [main]o.s.boot.web.embedded.tomcat.TomcatWebServer.start:206 -Tomcat started on port(s): 8080 (http) with context path ''
2022-05-02 17:39:52.100 INFO [main]net.xdclass.xdvideo.XdvideoApplication.logStarted:59 -Started XdvideoApplication in 3.911 seconds (JVM running for 5.418)
2022-05-02 17:40:05.023 INFO [Thread-6]o.s.b.w.s.c.AnnotationConfigServletWebServerApplicationContext.doClose:993 -Closing org.springframework.boot.web.servlet.context.AnnotationConfigServletWebServerApplicationContext@52c3cb31: startup date [Mon May 02 17:39:48 CST 2022]; root of context hierarchy
2022-05-02 17:40:05.025 INFO [Thread-6]o.s.context.support.DefaultLifecycleProcessor.stop:366 -Stopping beans in phase 2147483647
2022-05-02 17:40:05.105 INFO [Thread-6]o.s.amqp.rabbit.listener.SimpleMessageListenerContainer.doShutdown:534 -Waiting for workers to finish.
2022-05-02 17:40:05.234 INFO [Thread-6]o.s.amqp.rabbit.listener.SimpleMessageListenerContainer.doShutdown:537 -Successfully waited for workers to finish.
2022-05-02 17:40:05.234 INFO [Thread-6]o.s.context.support.DefaultLifecycleProcessor.stop:366 -Stopping beans in phase 0
2022-05-02 17:40:05.256 INFO [Thread-6]o.s.amqp.rabbit.listener.SimpleMessageListenerContainer.shutdown:1089 -Shutdown ignored - container is not active already
2022-05-02 17:40:05.322 INFO [Thread-6]o.s.jmx.export.annotation.AnnotationMBeanExporter.destroy:451 -Unregistering JMX-exposed beans on shutdown
2022-05-02 17:40:05.322 INFO [Thread-6]o.s.jmx.export.annotation.AnnotationMBeanExporter.unregisterBeans:183 -Unregistering JMX-exposed beans
2022-05-02 17:40:10.501 INFO [main]net.xdclass.xdvideo.XdvideoApplication.logStarting:50 -Starting XdvideoApplication on zhoushengyu with PID 32988 (started by shengyu in E:\编程下载\咕泡java\小滴课堂\springboot项目实战资料\资料\第2章\第1集\代码\xdvideo\xdvideo)
2022-05-02 17:40:10.504 INFO [main]net.xdclass.xdvideo.XdvideoApplication.logStartupProfileInfo:659 -No active profile set, falling back to default profiles: default
2022-05-02 17:40:10.557 INFO [main]o.s.b.w.s.c.AnnotationConfigServletWebServerApplicationContext.prepareRefresh:590 -Refreshing org.springframework.boot.web.servlet.context.AnnotationConfigServletWebServerApplicationContext@73302995: startup date [Mon May 02 17:40:10 CST 2022]; root of context hierarchy
2022-05-02 17:40:11.073 INFO [main]o.s.d.repository.config.RepositoryConfigurationDelegate.multipleStoresDetected:163 -Multiple Spring Data modules found, entering strict repository configuration mode!
2022-05-02 17:40:11.324 INFO [main]o.s.c.s.PostProcessorRegistrationDelegate$BeanPostProcessorChecker.postProcessAfterInitialization:328 -Bean 'org.springframework.amqp.rabbit.annotation.RabbitBootstrapConfiguration' of type [org.springframework.amqp.rabbit.annotation.RabbitBootstrapConfiguration$$EnhancerBySpringCGLIB$$ea4c76f6] is not eligible for getting processed by all BeanPostProcessors (for example: not eligible for auto-proxying)
2022-05-02 17:40:11.366 INFO [main]o.s.c.s.PostProcessorRegistrationDelegate$BeanPostProcessorChecker.postProcessAfterInitialization:328 -Bean 'org.springframework.transaction.annotation.ProxyTransactionManagementConfiguration' of type [org.springframework.transaction.annotation.ProxyTransactionManagementConfiguration$$EnhancerBySpringCGLIB$$23e0b8c8] is not eligible for getting processed by all BeanPostProcessors (for example: not eligible for auto-proxying)
2022-05-02 17:40:11.593 INFO [main]o.s.boot.web.embedded.tomcat.TomcatWebServer.initialize:91 -Tomcat initialized with port(s): 8080 (http)
2022-05-02 17:40:11.603 INFO [main]org.apache.coyote.http11.Http11NioProtocol.log:180 -Initializing ProtocolHandler ["http-nio-8080"]
2022-05-02 17:40:11.610 INFO [main]org.apache.catalina.core.StandardService.log:180 -Starting service [Tomcat]
2022-05-02 17:40:11.610 INFO [main]org.apache.catalina.core.StandardEngine.log:180 -Starting Servlet Engine: Apache Tomcat/8.5.31
2022-05-02 17:40:11.613 INFO [localhost-startStop-1]org.apache.catalina.core.AprLifecycleListener.log:180 -The APR based Apache Tomcat Native library which allows optimal performance in production environments was not found on the java.library.path: [C:\Program Files\Java\jdk1.8.0_131\bin;C:\WINDOWS\Sun\Java\bin;C:\WINDOWS\system32;C:\WINDOWS;C:\ProgramData\Oracle\Java\javapath;C:\WINDOWS\system32;C:\WINDOWS;C:\WINDOWS\System32\Wbem;C:\WINDOWS\System32\WindowsPowerShell\v1.0\;C:\WINDOWS\System32\OpenSSH\;C:\Program Files\dotnet\;C:\Program Files\Microsoft SQL Server\130\Tools\Binn\;D:\Program Files\Redis\;D:\Program Files\Git\Git\cmd;C:\Program Files\TortoiseGit\bin;D:\Program Files (x86)\Microsoft SQL Server\100\Tools\Binn\;D:\Program Files\Microsoft SQL Server\100\Tools\Binn\;D:\Program Files\Microsoft SQL Server\100\DTS\Binn\;D:\Program Files (x86)\Microsoft SQL Server\100\Tools\Binn\VSShell\Common7\IDE\;C:\Program Files (x86)\Microsoft Visual Studio 9.0\Common7\IDE\PrivateAssemblies\;D:\Program Files (x86)\Microsoft SQL Server\100\DTS\Binn\;D:\Program Files\Microsoft VS Code\Microsoft VS Code\bin;D:\Program Files\nodejs\;C:\Program Files\Microsoft SQL Server\150\Tools\Binn\;C:\Program Files\Java\jdk1.8.0_131\bin;C:\Program Files\Microsoft SQL Server\Client SDK\ODBC\170\Tools\Binn\;D:\Program Files (x86)\VisualSVN Server\bin;C:\Program Files\TortoiseSVN\bin;D:\Program Files\apache-maven-3.6.3\bin;D:\Program Files\Xshell7\;D:\Program Files\Xftp7\;C:\Program Files\MySQL\MySQL Shell 8.0\bin\;C:\Users\shengyu\AppData\Local\Microsoft\WindowsApps;C:\Users\shengyu\.dotnet\tools;C:\Users\shengyu\AppData\Roaming\npm;D:\Program Files\nodejs\node_global;;D:\Program Files\Fiddler;.]
2022-05-02 17:40:11.709 INFO [localhost-startStop-1]o.a.catalina.core.ContainerBase.[Tomcat].[localhost].[/].log:180 -Initializing Spring embedded WebApplicationContext
2022-05-02 17:40:11.709 INFO [localhost-startStop-1]org.springframework.web.context.ContextLoader.prepareWebApplicationContext:285 -Root WebApplicationContext: initialization completed in 1152 ms
2022-05-02 17:40:11.824 INFO [localhost-startStop-1]o.s.boot.web.servlet.ServletRegistrationBean.addRegistration:186 -Servlet dispatcherServlet mapped to [/]
2022-05-02 17:40:11.828 INFO [localhost-startStop-1]o.s.boot.web.servlet.FilterRegistrationBean.configure:245 -Mapping filter: 'characterEncodingFilter' to: [/*]
2022-05-02 17:40:11.828 INFO [localhost-startStop-1]o.s.boot.web.servlet.FilterRegistrationBean.configure:245 -Mapping filter: 'hiddenHttpMethodFilter' to: [/*]
2022-05-02 17:40:11.828 INFO [localhost-startStop-1]o.s.boot.web.servlet.FilterRegistrationBean.configure:245 -Mapping filter: 'httpPutFormContentFilter' to: [/*]
2022-05-02 17:40:11.828 INFO [localhost-startStop-1]o.s.boot.web.servlet.FilterRegistrationBean.configure:245 -Mapping filter: 'requestContextFilter' to: [/*]
2022-05-02 17:40:12.283 INFO [main]o.s.web.servlet.handler.SimpleUrlHandlerMapping.registerHandler:373 -Mapped URL path [/**/favicon.ico] onto handler of type [class org.springframework.web.servlet.resource.ResourceHttpRequestHandler]
2022-05-02 17:40:12.458 INFO [main]o.s.w.s.m.method.annotation.RequestMappingHandlerAdapter.initControllerAdviceCache:574 -Looking for @ControllerAdvice: org.springframework.boot.web.servlet.context.AnnotationConfigServletWebServerApplicationContext@73302995: startup date [Mon May 02 17:40:10 CST 2022]; root of context hierarchy
2022-05-02 17:40:12.504 INFO [main]o.s.w.s.m.method.annotation.RequestMappingHandlerMapping.register:547 -Mapped "{[/api/order/ceshi1],methods=[GET]}" onto public void net.xdclass.xdvideo.controller.OrderController.ceshiEXCTPITON()
2022-05-02 17:40:12.507 INFO [main]o.s.w.s.m.method.annotation.RequestMappingHandlerMapping.register:547 -Mapped "{[/api/order/add],methods=[POST]}" onto public net.xdclass.xdvideo.domain.JsonData net.xdclass.xdvideo.controller.OrderController.savaOrder(javax.servlet.http.HttpServletRequest,javax.servlet.http.HttpServletResponse,net.xdclass.xdvideo.domain.VideoOrder)
2022-05-02 17:40:12.507 INFO [main]o.s.w.s.m.method.annotation.RequestMappingHandlerMapping.register:547 -Mapped "{[/api/order/orderCallBack],methods=[POST]}" onto public synchronized void net.xdclass.xdvideo.controller.OrderController.orderCallBack(javax.servlet.http.HttpServletResponse,javax.servlet.http.HttpServletRequest) throws java.lang.Exception
2022-05-02 17:40:12.508 INFO [main]o.s.w.s.m.method.annotation.RequestMappingHandlerMapping.register:547 -Mapped "{[/api/video/update],methods=[GET]}" onto public java.lang.Object net.xdclass.xdvideo.controller.VideoController.update(net.xdclass.xdvideo.domain.Video)
2022-05-02 17:40:12.509 INFO [main]o.s.w.s.m.method.annotation.RequestMappingHandlerMapping.register:547 -Mapped "{[/api/video/test]}" onto public java.lang.String net.xdclass.xdvideo.controller.VideoController.test()
2022-05-02 17:40:12.509 INFO [main]o.s.w.s.m.method.annotation.RequestMappingHandlerMapping.register:547 -Mapped "{[/api/video/page],methods=[POST]}" onto public net.xdclass.xdvideo.domain.JsonData net.xdclass.xdvideo.controller.VideoController.pageVideo(int,int,javax.servlet.http.HttpServletResponse,javax.servlet.http.HttpServletRequest)
2022-05-02 17:40:12.509 INFO [main]o.s.w.s.m.method.annotation.RequestMappingHandlerMapping.register:547 -Mapped "{[/api/video/ceshi],methods=[GET]}" onto public void net.xdclass.xdvideo.controller.VideoController.ceshi()
2022-05-02 17:40:12.510 INFO [main]o.s.w.s.m.method.annotation.RequestMappingHandlerMapping.register:547 -Mapped "{[/api/loginurl],methods=[GET]}" onto public net.xdclass.xdvideo.domain.JsonData net.xdclass.xdvideo.controller.WeChatController.loginurl(java.lang.String,javax.servlet.http.HttpServletResponse)
2022-05-02 17:40:12.513 INFO [main]o.s.w.s.m.method.annotation.RequestMappingHandlerMapping.register:547 -Mapped "{[/error]}" onto public org.springframework.http.ResponseEntity<java.util.Map<java.lang.String, java.lang.Object>> org.springframework.boot.autoconfigure.web.servlet.error.BasicErrorController.error(javax.servlet.http.HttpServletRequest)
2022-05-02 17:40:12.514 INFO [main]o.s.w.s.m.method.annotation.RequestMappingHandlerMapping.register:547 -Mapped "{[/error],produces=[text/html]}" onto public org.springframework.web.servlet.ModelAndView org.springframework.boot.autoconfigure.web.servlet.error.BasicErrorController.errorHtml(javax.servlet.http.HttpServletRequest,javax.servlet.http.HttpServletResponse)
2022-05-02 17:40:12.536 INFO [main]o.s.web.servlet.handler.SimpleUrlHandlerMapping.registerHandler:373 -Mapped URL path [/webjars/**] onto handler of type [class org.springframework.web.servlet.resource.ResourceHttpRequestHandler]
2022-05-02 17:40:12.536 INFO [main]o.s.web.servlet.handler.SimpleUrlHandlerMapping.registerHandler:373 -Mapped URL path [/**] onto handler of type [class org.springframework.web.servlet.resource.ResourceHttpRequestHandler]
2022-05-02 17:40:12.548 INFO [main]o.s.w.s.m.m.annotation.ExceptionHandlerExceptionResolver.initExceptionHandlerAdviceCache:288 -Detected @ExceptionHandler methods in xdExceptionHandler
2022-05-02 17:40:12.574 INFO [main]o.s.b.a.web.servlet.WelcomePageHandlerMapping.<init>:56 -Adding welcome page: class path resource [static/index.html]
2022-05-02 17:40:13.089 INFO [main]o.s.jmx.export.annotation.AnnotationMBeanExporter.afterSingletonsInstantiated:433 -Registering beans for JMX exposure on startup
2022-05-02 17:40:13.090 INFO [main]o.s.jmx.export.annotation.AnnotationMBeanExporter.autodetect:895 -Bean with name 'dataSource' has been autodetected for JMX exposure
2022-05-02 17:40:13.095 INFO [main]o.s.jmx.export.annotation.AnnotationMBeanExporter.autodetect:895 -Bean with name 'rabbitConnectionFactory' has been autodetected for JMX exposure
2022-05-02 17:40:13.097 INFO [main]o.s.jmx.export.annotation.AnnotationMBeanExporter.registerBeanInstance:668 -Located MBean 'dataSource': registering with JMX server as MBean [com.alibaba.druid.pool:name=dataSource,type=DruidDataSource]
2022-05-02 17:40:13.099 INFO [main]o.s.jmx.export.annotation.AnnotationMBeanExporter.registerBeanInstance:675 -Located managed bean 'rabbitConnectionFactory': registering with JMX server as MBean [org.springframework.amqp.rabbit.connection:name=rabbitConnectionFactory,type=CachingConnectionFactory]
2022-05-02 17:40:13.127 INFO [main]o.s.context.support.DefaultLifecycleProcessor.start:351 -Starting beans in phase 2147483647
2022-05-02 17:40:13.133 INFO [SimpleAsyncTaskExecutor-1]o.s.amqp.rabbit.connection.CachingConnectionFactory.createBareConnection:447 -Attempting to connect to: [180.76.160.246:5672]
2022-05-02 17:40:13.435 INFO [SimpleAsyncTaskExecutor-1]o.s.amqp.rabbit.connection.CachingConnectionFactory.createBareConnection:463 -Created new connection: rabbitConnectionFactory#8aeab9e:0/SimpleConnection@19adcd5 [delegate=amqp://gerry@180.76.160.246:5672/, localPort= 50524]
2022-05-02 17:40:13.756 INFO [main]org.apache.coyote.http11.Http11NioProtocol.log:180 -Starting ProtocolHandler ["http-nio-8080"]
2022-05-02 17:40:13.762 INFO [main]org.apache.tomcat.util.net.NioSelectorPool.log:180 -Using a shared selector for servlet write/read
2022-05-02 17:40:13.772 INFO [main]o.s.boot.web.embedded.tomcat.TomcatWebServer.start:206 -Tomcat started on port(s): 8080 (http) with context path ''
2022-05-02 17:40:13.775 INFO [main]net.xdclass.xdvideo.XdvideoApplication.logStarted:59 -Started XdvideoApplication in 3.641 seconds (JVM running for 5.473)
2022-05-02 17:40:20.953 INFO [http-nio-8080-exec-2]o.a.catalina.core.ContainerBase.[Tomcat].[localhost].[/].log:180 -Initializing Spring FrameworkServlet 'dispatcherServlet'
2022-05-02 17:40:20.953 INFO [http-nio-8080-exec-2]org.springframework.web.servlet.DispatcherServlet.initServletBean:494 -FrameworkServlet 'dispatcherServlet': initialization started
2022-05-02 17:40:20.971 INFO [http-nio-8080-exec-2]org.springframework.web.servlet.DispatcherServlet.initServletBean:509 -FrameworkServlet 'dispatcherServlet': initialization completed in 18 ms
2022-05-02 17:43:58.214 INFO [Thread-9]o.s.b.w.s.c.AnnotationConfigServletWebServerApplicationContext.doClose:993 -Closing org.springframework.boot.web.servlet.context.AnnotationConfigServletWebServerApplicationContext@73302995: startup date [Mon May 02 17:40:10 CST 2022]; root of context hierarchy
2022-05-02 17:43:58.217 INFO [Thread-9]o.s.context.support.DefaultLifecycleProcessor.stop:366 -Stopping beans in phase 2147483647
2022-05-02 17:43:58.282 INFO [Thread-9]o.s.amqp.rabbit.listener.SimpleMessageListenerContainer.doShutdown:534 -Waiting for workers to finish.
2022-05-02 17:43:58.388 INFO [Thread-9]o.s.amqp.rabbit.listener.SimpleMessageListenerContainer.doShutdown:537 -Successfully waited for workers to finish.
2022-05-02 17:43:58.389 INFO [Thread-9]o.s.context.support.DefaultLifecycleProcessor.stop:366 -Stopping beans in phase 0
2022-05-02 17:43:58.405 INFO [Thread-9]o.s.amqp.rabbit.listener.SimpleMessageListenerContainer.shutdown:1089 -Shutdown ignored - container is not active already
2022-05-02 17:43:58.468 INFO [Thread-9]o.s.jmx.export.annotation.AnnotationMBeanExporter.destroy:451 -Unregistering JMX-exposed beans on shutdown
2022-05-02 17:43:58.469 INFO [Thread-9]o.s.jmx.export.annotation.AnnotationMBeanExporter.unregisterBeans:183 -Unregistering JMX-exposed beans
2022-05-02 17:44:03.303 INFO [main]net.xdclass.xdvideo.XdvideoApplication.logStarting:50 -Starting XdvideoApplication on zhoushengyu with PID 34100 (started by shengyu in E:\编程下载\咕泡java\小滴课堂\springboot项目实战资料\资料\第2章\第1集\代码\xdvideo\xdvideo)
2022-05-02 17:44:03.308 INFO [main]net.xdclass.xdvideo.XdvideoApplication.logStartupProfileInfo:659 -No active profile set, falling back to default profiles: default
2022-05-02 17:44:03.357 INFO [main]o.s.b.w.s.c.AnnotationConfigServletWebServerApplicationContext.prepareRefresh:590 -Refreshing org.springframework.boot.web.servlet.context.AnnotationConfigServletWebServerApplicationContext@6b88ca8c: startup date [Mon May 02 17:44:03 CST 2022]; root of context hierarchy
2022-05-02 17:44:03.880 INFO [main]o.s.d.repository.config.RepositoryConfigurationDelegate.multipleStoresDetected:163 -Multiple Spring Data modules found, entering strict repository configuration mode!
2022-05-02 17:44:04.136 INFO [main]o.s.c.s.PostProcessorRegistrationDelegate$BeanPostProcessorChecker.postProcessAfterInitialization:328 -Bean 'org.springframework.amqp.rabbit.annotation.RabbitBootstrapConfiguration' of type [org.springframework.amqp.rabbit.annotation.RabbitBootstrapConfiguration$$EnhancerBySpringCGLIB$$558b9d1d] is not eligible for getting processed by all BeanPostProcessors (for example: not eligible for auto-proxying)
2022-05-02 17:44:04.181 INFO [main]o.s.c.s.PostProcessorRegistrationDelegate$BeanPostProcessorChecker.postProcessAfterInitialization:328 -Bean 'org.springframework.transaction.annotation.ProxyTransactionManagementConfiguration' of type [org.springframework.transaction.annotation.ProxyTransactionManagementConfiguration$$EnhancerBySpringCGLIB$$8f1fdeef] is not eligible for getting processed by all BeanPostProcessors (for example: not eligible for auto-proxying)
2022-05-02 17:44:04.395 INFO [main]o.s.boot.web.embedded.tomcat.TomcatWebServer.initialize:91 -Tomcat initialized with port(s): 8080 (http)
2022-05-02 17:44:04.403 INFO [main]org.apache.coyote.http11.Http11NioProtocol.log:180 -Initializing ProtocolHandler ["http-nio-8080"]
2022-05-02 17:44:04.410 INFO [main]org.apache.catalina.core.StandardService.log:180 -Starting service [Tomcat]
2022-05-02 17:44:04.410 INFO [main]org.apache.catalina.core.StandardEngine.log:180 -Starting Servlet Engine: Apache Tomcat/8.5.31
2022-05-02 17:44:04.414 INFO [localhost-startStop-1]org.apache.catalina.core.AprLifecycleListener.log:180 -The APR based Apache Tomcat Native library which allows optimal performance in production environments was not found on the java.library.path: [C:\Program Files\Java\jdk1.8.0_131\bin;C:\WINDOWS\Sun\Java\bin;C:\WINDOWS\system32;C:\WINDOWS;C:\ProgramData\Oracle\Java\javapath;C:\WINDOWS\system32;C:\WINDOWS;C:\WINDOWS\System32\Wbem;C:\WINDOWS\System32\WindowsPowerShell\v1.0\;C:\WINDOWS\System32\OpenSSH\;C:\Program Files\dotnet\;C:\Program Files\Microsoft SQL Server\130\Tools\Binn\;D:\Program Files\Redis\;D:\Program Files\Git\Git\cmd;C:\Program Files\TortoiseGit\bin;D:\Program Files (x86)\Microsoft SQL Server\100\Tools\Binn\;D:\Program Files\Microsoft SQL Server\100\Tools\Binn\;D:\Program Files\Microsoft SQL Server\100\DTS\Binn\;D:\Program Files (x86)\Microsoft SQL Server\100\Tools\Binn\VSShell\Common7\IDE\;C:\Program Files (x86)\Microsoft Visual Studio 9.0\Common7\IDE\PrivateAssemblies\;D:\Program Files (x86)\Microsoft SQL Server\100\DTS\Binn\;D:\Program Files\Microsoft VS Code\Microsoft VS Code\bin;D:\Program Files\nodejs\;C:\Program Files\Microsoft SQL Server\150\Tools\Binn\;C:\Program Files\Java\jdk1.8.0_131\bin;C:\Program Files\Microsoft SQL Server\Client SDK\ODBC\170\Tools\Binn\;D:\Program Files (x86)\VisualSVN Server\bin;C:\Program Files\TortoiseSVN\bin;D:\Program Files\apache-maven-3.6.3\bin;D:\Program Files\Xshell7\;D:\Program Files\Xftp7\;C:\Program Files\MySQL\MySQL Shell 8.0\bin\;C:\Users\shengyu\AppData\Local\Microsoft\WindowsApps;C:\Users\shengyu\.dotnet\tools;C:\Users\shengyu\AppData\Roaming\npm;D:\Program Files\nodejs\node_global;;D:\Program Files\Fiddler;.]
2022-05-02 17:44:04.507 INFO [localhost-startStop-1]o.a.catalina.core.ContainerBase.[Tomcat].[localhost].[/].log:180 -Initializing Spring embedded WebApplicationContext
2022-05-02 17:44:04.507 INFO [localhost-startStop-1]org.springframework.web.context.ContextLoader.prepareWebApplicationContext:285 -Root WebApplicationContext: initialization completed in 1150 ms
2022-05-02 17:44:04.618 INFO [localhost-startStop-1]o.s.boot.web.servlet.ServletRegistrationBean.addRegistration:186 -Servlet dispatcherServlet mapped to [/]
2022-05-02 17:44:04.621 INFO [localhost-startStop-1]o.s.boot.web.servlet.FilterRegistrationBean.configure:245 -Mapping filter: 'characterEncodingFilter' to: [/*]
2022-05-02 17:44:04.622 INFO [localhost-startStop-1]o.s.boot.web.servlet.FilterRegistrationBean.configure:245 -Mapping filter: 'hiddenHttpMethodFilter' to: [/*]
2022-05-02 17:44:04.622 INFO [localhost-startStop-1]o.s.boot.web.servlet.FilterRegistrationBean.configure:245 -Mapping filter: 'httpPutFormContentFilter' to: [/*]
2022-05-02 17:44:04.622 INFO [localhost-startStop-1]o.s.boot.web.servlet.FilterRegistrationBean.configure:245 -Mapping filter: 'requestContextFilter' to: [/*]
2022-05-02 17:44:05.062 INFO [main]o.s.web.servlet.handler.SimpleUrlHandlerMapping.registerHandler:373 -Mapped URL path [/**/favicon.ico] onto handler of type [class org.springframework.web.servlet.resource.ResourceHttpRequestHandler]
2022-05-02 17:44:05.241 INFO [main]o.s.w.s.m.method.annotation.RequestMappingHandlerAdapter.initControllerAdviceCache:574 -Looking for @ControllerAdvice: org.springframework.boot.web.servlet.context.AnnotationConfigServletWebServerApplicationContext@6b88ca8c: startup date [Mon May 02 17:44:03 CST 2022]; root of context hierarchy
2022-05-02 17:44:05.287 INFO [main]o.s.w.s.m.method.annotation.RequestMappingHandlerMapping.register:547 -Mapped "{[/api/order/ceshi1],methods=[GET]}" onto public void net.xdclass.xdvideo.controller.OrderController.ceshiEXCTPITON()
2022-05-02 17:44:05.289 INFO [main]o.s.w.s.m.method.annotation.RequestMappingHandlerMapping.register:547 -Mapped "{[/api/order/add],methods=[POST]}" onto public net.xdclass.xdvideo.domain.JsonData net.xdclass.xdvideo.controller.OrderController.savaOrder(javax.servlet.http.HttpServletRequest,javax.servlet.http.HttpServletResponse,net.xdclass.xdvideo.domain.VideoOrder)
2022-05-02 17:44:05.289 INFO [main]o.s.w.s.m.method.annotation.RequestMappingHandlerMapping.register:547 -Mapped "{[/api/order/orderCallBack],methods=[POST]}" onto public synchronized void net.xdclass.xdvideo.controller.OrderController.orderCallBack(javax.servlet.http.HttpServletResponse,javax.servlet.http.HttpServletRequest) throws java.lang.Exception
2022-05-02 17:44:05.290 INFO [main]o.s.w.s.m.method.annotation.RequestMappingHandlerMapping.register:547 -Mapped "{[/api/video/update],methods=[GET]}" onto public java.lang.Object net.xdclass.xdvideo.controller.VideoController.update(net.xdclass.xdvideo.domain.Video)
2022-05-02 17:44:05.290 INFO [main]o.s.w.s.m.method.annotation.RequestMappingHandlerMapping.register:547 -Mapped "{[/api/video/test]}" onto public java.lang.String net.xdclass.xdvideo.controller.VideoController.test()
2022-05-02 17:44:05.291 INFO [main]o.s.w.s.m.method.annotation.RequestMappingHandlerMapping.register:547 -Mapped "{[/api/video/ceshi],methods=[GET]}" onto public void net.xdclass.xdvideo.controller.VideoController.ceshi()
2022-05-02 17:44:05.291 INFO [main]o.s.w.s.m.method.annotation.RequestMappingHandlerMapping.register:547 -Mapped "{[/api/video/page],methods=[POST]}" onto public net.xdclass.xdvideo.domain.JsonData net.xdclass.xdvideo.controller.VideoController.pageVideo(int,int,javax.servlet.http.HttpServletResponse,javax.servlet.http.HttpServletRequest)
2022-05-02 17:44:05.291 INFO [main]o.s.w.s.m.method.annotation.RequestMappingHandlerMapping.register:547 -Mapped "{[/api/loginurl],methods=[GET]}" onto public net.xdclass.xdvideo.domain.JsonData net.xdclass.xdvideo.controller.WeChatController.loginurl(java.lang.String,javax.servlet.http.HttpServletResponse)
2022-05-02 17:44:05.293 INFO [main]o.s.w.s.m.method.annotation.RequestMappingHandlerMapping.register:547 -Mapped "{[/error]}" onto public org.springframework.http.ResponseEntity<java.util.Map<java.lang.String, java.lang.Object>> org.springframework.boot.autoconfigure.web.servlet.error.BasicErrorController.error(javax.servlet.http.HttpServletRequest)
2022-05-02 17:44:05.293 INFO [main]o.s.w.s.m.method.annotation.RequestMappingHandlerMapping.register:547 -Mapped "{[/error],produces=[text/html]}" onto public org.springframework.web.servlet.ModelAndView org.springframework.boot.autoconfigure.web.servlet.error.BasicErrorController.errorHtml(javax.servlet.http.HttpServletRequest,javax.servlet.http.HttpServletResponse)
2022-05-02 17:44:05.314 INFO [main]o.s.web.servlet.handler.SimpleUrlHandlerMapping.registerHandler:373 -Mapped URL path [/webjars/**] onto handler of type [class org.springframework.web.servlet.resource.ResourceHttpRequestHandler]
2022-05-02 17:44:05.314 INFO [main]o.s.web.servlet.handler.SimpleUrlHandlerMapping.registerHandler:373 -Mapped URL path [/**] onto handler of type [class org.springframework.web.servlet.resource.ResourceHttpRequestHandler]
2022-05-02 17:44:05.327 INFO [main]o.s.w.s.m.m.annotation.ExceptionHandlerExceptionResolver.initExceptionHandlerAdviceCache:288 -Detected @ExceptionHandler methods in xdExceptionHandler
2022-05-02 17:44:05.351 INFO [main]o.s.b.a.web.servlet.WelcomePageHandlerMapping.<init>:56 -Adding welcome page: class path resource [static/index.html]
2022-05-02 17:44:05.852 INFO [main]o.s.jmx.export.annotation.AnnotationMBeanExporter.afterSingletonsInstantiated:433 -Registering beans for JMX exposure on startup
2022-05-02 17:44:05.854 INFO [main]o.s.jmx.export.annotation.AnnotationMBeanExporter.autodetect:895 -Bean with name 'dataSource' has been autodetected for JMX exposure
2022-05-02 17:44:05.858 INFO [main]o.s.jmx.export.annotation.AnnotationMBeanExporter.autodetect:895 -Bean with name 'rabbitConnectionFactory' has been autodetected for JMX exposure
2022-05-02 17:44:05.861 INFO [main]o.s.jmx.export.annotation.AnnotationMBeanExporter.registerBeanInstance:668 -Located MBean 'dataSource': registering with JMX server as MBean [com.alibaba.druid.pool:name=dataSource,type=DruidDataSource]
2022-05-02 17:44:05.863 INFO [main]o.s.jmx.export.annotation.AnnotationMBeanExporter.registerBeanInstance:675 -Located managed bean 'rabbitConnectionFactory': registering with JMX server as MBean [org.springframework.amqp.rabbit.connection:name=rabbitConnectionFactory,type=CachingConnectionFactory]
2022-05-02 17:44:05.889 INFO [main]o.s.context.support.DefaultLifecycleProcessor.start:351 -Starting beans in phase 2147483647
2022-05-02 17:44:05.895 INFO [SimpleAsyncTaskExecutor-1]o.s.amqp.rabbit.connection.CachingConnectionFactory.createBareConnection:447 -Attempting to connect to: [180.76.160.246:5672]
2022-05-02 17:44:06.187 INFO [SimpleAsyncTaskExecutor-1]o.s.amqp.rabbit.connection.CachingConnectionFactory.createBareConnection:463 -Created new connection: rabbitConnectionFactory#4998e74b:0/SimpleConnection@19adcd5 [delegate=amqp://gerry@180.76.160.246:5672/, localPort= 51978]
2022-05-02 17:44:06.498 INFO [main]org.apache.coyote.http11.Http11NioProtocol.log:180 -Starting ProtocolHandler ["http-nio-8080"]
2022-05-02 17:44:06.506 INFO [main]org.apache.tomcat.util.net.NioSelectorPool.log:180 -Using a shared selector for servlet write/read
2022-05-02 17:44:06.516 INFO [main]o.s.boot.web.embedded.tomcat.TomcatWebServer.start:206 -Tomcat started on port(s): 8080 (http) with context path ''
2022-05-02 17:44:06.519 INFO [main]net.xdclass.xdvideo.XdvideoApplication.logStarted:59 -Started XdvideoApplication in 3.646 seconds (JVM running for 5.128)
2022-05-02 17:44:48.044 INFO [http-nio-8080-exec-1]o.a.catalina.core.ContainerBase.[Tomcat].[localhost].[/].log:180 -Initializing Spring FrameworkServlet 'dispatcherServlet'
2022-05-02 17:44:48.044 INFO [http-nio-8080-exec-1]org.springframework.web.servlet.DispatcherServlet.initServletBean:494 -FrameworkServlet 'dispatcherServlet': initialization started
2022-05-02 17:44:48.075 INFO [http-nio-8080-exec-1]org.springframework.web.servlet.DispatcherServlet.initServletBean:509 -FrameworkServlet 'dispatcherServlet': initialization completed in 30 ms
2022-05-02 17:45:25.764 INFO [Thread-9]o.s.b.w.s.c.AnnotationConfigServletWebServerApplicationContext.doClose:993 -Closing org.springframework.boot.web.servlet.context.AnnotationConfigServletWebServerApplicationContext@6b88ca8c: startup date [Mon May 02 17:44:03 CST 2022]; root of context hierarchy
2022-05-02 17:45:25.767 INFO [Thread-9]o.s.context.support.DefaultLifecycleProcessor.stop:366 -Stopping beans in phase 2147483647
2022-05-02 17:45:25.852 INFO [Thread-9]o.s.amqp.rabbit.listener.SimpleMessageListenerContainer.doShutdown:534 -Waiting for workers to finish.
2022-05-02 17:45:26.183 INFO [Thread-9]o.s.amqp.rabbit.listener.SimpleMessageListenerContainer.doShutdown:537 -Successfully waited for workers to finish.
2022-05-02 17:45:26.183 INFO [Thread-9]o.s.context.support.DefaultLifecycleProcessor.stop:366 -Stopping beans in phase 0
2022-05-02 17:45:26.196 INFO [Thread-9]o.s.amqp.rabbit.listener.SimpleMessageListenerContainer.shutdown:1089 -Shutdown ignored - container is not active already
2022-05-02 17:45:26.261 INFO [Thread-9]o.s.jmx.export.annotation.AnnotationMBeanExporter.destroy:451 -Unregistering JMX-exposed beans on shutdown
2022-05-02 17:45:26.261 INFO [Thread-9]o.s.jmx.export.annotation.AnnotationMBeanExporter.unregisterBeans:183 -Unregistering JMX-exposed beans
2022-05-02 17:45:30.617 INFO [main]net.xdclass.xdvideo.XdvideoApplication.logStarting:50 -Starting XdvideoApplication on zhoushengyu with PID 37784 (started by shengyu in E:\编程下载\咕泡java\小滴课堂\springboot项目实战资料\资料\第2章\第1集\代码\xdvideo\xdvideo)
2022-05-02 17:45:30.622 INFO [main]net.xdclass.xdvideo.XdvideoApplication.logStartupProfileInfo:659 -No active profile set, falling back to default profiles: default
2022-05-02 17:45:30.665 INFO [main]o.s.b.w.s.c.AnnotationConfigServletWebServerApplicationContext.prepareRefresh:590 -Refreshing org.springframework.boot.web.servlet.context.AnnotationConfigServletWebServerApplicationContext@8ad6665: startup date [Mon May 02 17:45:30 CST 2022]; root of context hierarchy
2022-05-02 17:45:31.219 INFO [main]o.s.d.repository.config.RepositoryConfigurationDelegate.multipleStoresDetected:163 -Multiple Spring Data modules found, entering strict repository configuration mode!
2022-05-02 17:45:31.459 INFO [main]o.s.c.s.PostProcessorRegistrationDelegate$BeanPostProcessorChecker.postProcessAfterInitialization:328 -Bean 'org.springframework.amqp.rabbit.annotation.RabbitBootstrapConfiguration' of type [org.springframework.amqp.rabbit.annotation.RabbitBootstrapConfiguration$$EnhancerBySpringCGLIB$$26348981] is not eligible for getting processed by all BeanPostProcessors (for example: not eligible for auto-proxying)
2022-05-02 17:45:31.511 INFO [main]o.s.c.s.PostProcessorRegistrationDelegate$BeanPostProcessorChecker.postProcessAfterInitialization:328 -Bean 'org.springframework.transaction.annotation.ProxyTransactionManagementConfiguration' of type [org.springframework.transaction.annotation.ProxyTransactionManagementConfiguration$$EnhancerBySpringCGLIB$$5fc8cb53] is not eligible for getting processed by all BeanPostProcessors (for example: not eligible for auto-proxying)
2022-05-02 17:45:31.775 INFO [main]o.s.boot.web.embedded.tomcat.TomcatWebServer.initialize:91 -Tomcat initialized with port(s): 8080 (http)
2022-05-02 17:45:31.786 INFO [main]org.apache.coyote.http11.Http11NioProtocol.log:180 -Initializing ProtocolHandler ["http-nio-8080"]
2022-05-02 17:45:31.793 INFO [main]org.apache.catalina.core.StandardService.log:180 -Starting service [Tomcat]
2022-05-02 17:45:31.793 INFO [main]org.apache.catalina.core.StandardEngine.log:180 -Starting Servlet Engine: Apache Tomcat/8.5.31
2022-05-02 17:45:31.797 INFO [localhost-startStop-1]org.apache.catalina.core.AprLifecycleListener.log:180 -The APR based Apache Tomcat Native library which allows optimal performance in production environments was not found on the java.library.path: [C:\Program Files\Java\jdk1.8.0_131\bin;C:\WINDOWS\Sun\Java\bin;C:\WINDOWS\system32;C:\WINDOWS;C:\ProgramData\Oracle\Java\javapath;C:\WINDOWS\system32;C:\WINDOWS;C:\WINDOWS\System32\Wbem;C:\WINDOWS\System32\WindowsPowerShell\v1.0\;C:\WINDOWS\System32\OpenSSH\;C:\Program Files\dotnet\;C:\Program Files\Microsoft SQL Server\130\Tools\Binn\;D:\Program Files\Redis\;D:\Program Files\Git\Git\cmd;C:\Program Files\TortoiseGit\bin;D:\Program Files (x86)\Microsoft SQL Server\100\Tools\Binn\;D:\Program Files\Microsoft SQL Server\100\Tools\Binn\;D:\Program Files\Microsoft SQL Server\100\DTS\Binn\;D:\Program Files (x86)\Microsoft SQL Server\100\Tools\Binn\VSShell\Common7\IDE\;C:\Program Files (x86)\Microsoft Visual Studio 9.0\Common7\IDE\PrivateAssemblies\;D:\Program Files (x86)\Microsoft SQL Server\100\DTS\Binn\;D:\Program Files\Microsoft VS Code\Microsoft VS Code\bin;D:\Program Files\nodejs\;C:\Program Files\Microsoft SQL Server\150\Tools\Binn\;C:\Program Files\Java\jdk1.8.0_131\bin;C:\Program Files\Microsoft SQL Server\Client SDK\ODBC\170\Tools\Binn\;D:\Program Files (x86)\VisualSVN Server\bin;C:\Program Files\TortoiseSVN\bin;D:\Program Files\apache-maven-3.6.3\bin;D:\Program Files\Xshell7\;D:\Program Files\Xftp7\;C:\Program Files\MySQL\MySQL Shell 8.0\bin\;C:\Users\shengyu\AppData\Local\Microsoft\WindowsApps;C:\Users\shengyu\.dotnet\tools;C:\Users\shengyu\AppData\Roaming\npm;D:\Program Files\nodejs\node_global;;D:\Program Files\Fiddler;.]
2022-05-02 17:45:31.902 INFO [localhost-startStop-1]o.a.catalina.core.ContainerBase.[Tomcat].[localhost].[/].log:180 -Initializing Spring embedded WebApplicationContext
2022-05-02 17:45:31.902 INFO [localhost-startStop-1]org.springframework.web.context.ContextLoader.prepareWebApplicationContext:285 -Root WebApplicationContext: initialization completed in 1237 ms
2022-05-02 17:45:32.049 INFO [localhost-startStop-1]o.s.boot.web.servlet.ServletRegistrationBean.addRegistration:186 -Servlet dispatcherServlet mapped to [/]
2022-05-02 17:45:32.052 INFO [localhost-startStop-1]o.s.boot.web.servlet.FilterRegistrationBean.configure:245 -Mapping filter: 'characterEncodingFilter' to: [/*]
2022-05-02 17:45:32.053 INFO [localhost-startStop-1]o.s.boot.web.servlet.FilterRegistrationBean.configure:245 -Mapping filter: 'hiddenHttpMethodFilter' to: [/*]
2022-05-02 17:45:32.053 INFO [localhost-startStop-1]o.s.boot.web.servlet.FilterRegistrationBean.configure:245 -Mapping filter: 'httpPutFormContentFilter' to: [/*]
2022-05-02 17:45:32.053 INFO [localhost-startStop-1]o.s.boot.web.servlet.FilterRegistrationBean.configure:245 -Mapping filter: 'requestContextFilter' to: [/*]
2022-05-02 17:45:32.609 INFO [main]o.s.web.servlet.handler.SimpleUrlHandlerMapping.registerHandler:373 -Mapped URL path [/**/favicon.ico] onto handler of type [class org.springframework.web.servlet.resource.ResourceHttpRequestHandler]
2022-05-02 17:45:32.793 INFO [main]o.s.w.s.m.method.annotation.RequestMappingHandlerAdapter.initControllerAdviceCache:574 -Looking for @ControllerAdvice: org.springframework.boot.web.servlet.context.AnnotationConfigServletWebServerApplicationContext@8ad6665: startup date [Mon May 02 17:45:30 CST 2022]; root of context hierarchy
2022-05-02 17:45:32.839 INFO [main]o.s.w.s.m.method.annotation.RequestMappingHandlerMapping.register:547 -Mapped "{[/api/order/add],methods=[POST]}" onto public net.xdclass.xdvideo.domain.JsonData net.xdclass.xdvideo.controller.OrderController.savaOrder(javax.servlet.http.HttpServletRequest,javax.servlet.http.HttpServletResponse,net.xdclass.xdvideo.domain.VideoOrder)
2022-05-02 17:45:32.840 INFO [main]o.s.w.s.m.method.annotation.RequestMappingHandlerMapping.register:547 -Mapped "{[/api/order/orderCallBack],methods=[POST]}" onto public synchronized void net.xdclass.xdvideo.controller.OrderController.orderCallBack(javax.servlet.http.HttpServletResponse,javax.servlet.http.HttpServletRequest) throws java.lang.Exception
2022-05-02 17:45:32.840 INFO [main]o.s.w.s.m.method.annotation.RequestMappingHandlerMapping.register:547 -Mapped "{[/api/order/ceshi1],methods=[GET]}" onto public void net.xdclass.xdvideo.controller.OrderController.ceshiEXCTPITON()
2022-05-02 17:45:32.841 INFO [main]o.s.w.s.m.method.annotation.RequestMappingHandlerMapping.register:547 -Mapped "{[/api/video/update],methods=[GET]}" onto public java.lang.Object net.xdclass.xdvideo.controller.VideoController.update(net.xdclass.xdvideo.domain.Video)
2022-05-02 17:45:32.841 INFO [main]o.s.w.s.m.method.annotation.RequestMappingHandlerMapping.register:547 -Mapped "{[/api/video/test]}" onto public java.lang.String net.xdclass.xdvideo.controller.VideoController.test()
2022-05-02 17:45:32.841 INFO [main]o.s.w.s.m.method.annotation.RequestMappingHandlerMapping.register:547 -Mapped "{[/api/video/page],methods=[POST]}" onto public net.xdclass.xdvideo.domain.JsonData net.xdclass.xdvideo.controller.VideoController.pageVideo(int,int,javax.servlet.http.HttpServletResponse,javax.servlet.http.HttpServletRequest)
2022-05-02 17:45:32.842 INFO [main]o.s.w.s.m.method.annotation.RequestMappingHandlerMapping.register:547 -Mapped "{[/api/video/ceshi],methods=[GET]}" onto public void net.xdclass.xdvideo.controller.VideoController.ceshi()
2022-05-02 17:45:32.842 INFO [main]o.s.w.s.m.method.annotation.RequestMappingHandlerMapping.register:547 -Mapped "{[/api/loginurl],methods=[GET]}" onto public net.xdclass.xdvideo.domain.JsonData net.xdclass.xdvideo.controller.WeChatController.loginurl(java.lang.String,javax.servlet.http.HttpServletResponse)
2022-05-02 17:45:32.843 INFO [main]o.s.w.s.m.method.annotation.RequestMappingHandlerMapping.register:547 -Mapped "{[/error]}" onto public org.springframework.http.ResponseEntity<java.util.Map<java.lang.String, java.lang.Object>> org.springframework.boot.autoconfigure.web.servlet.error.BasicErrorController.error(javax.servlet.http.HttpServletRequest)
2022-05-02 17:45:32.844 INFO [main]o.s.w.s.m.method.annotation.RequestMappingHandlerMapping.register:547 -Mapped "{[/error],produces=[text/html]}" onto public org.springframework.web.servlet.ModelAndView org.springframework.boot.autoconfigure.web.servlet.error.BasicErrorController.errorHtml(javax.servlet.http.HttpServletRequest,javax.servlet.http.HttpServletResponse)
2022-05-02 17:45:32.866 INFO [main]o.s.web.servlet.handler.SimpleUrlHandlerMapping.registerHandler:373 -Mapped URL path [/webjars/**] onto handler of type [class org.springframework.web.servlet.resource.ResourceHttpRequestHandler]
2022-05-02 17:45:32.867 INFO [main]o.s.web.servlet.handler.SimpleUrlHandlerMapping.registerHandler:373 -Mapped URL path [/**] onto handler of type [class org.springframework.web.servlet.resource.ResourceHttpRequestHandler]
2022-05-02 17:45:32.879 INFO [main]o.s.w.s.m.m.annotation.ExceptionHandlerExceptionResolver.initExceptionHandlerAdviceCache:288 -Detected @ExceptionHandler methods in xdExceptionHandler
2022-05-02 17:45:32.903 INFO [main]o.s.b.a.web.servlet.WelcomePageHandlerMapping.<init>:56 -Adding welcome page: class path resource [static/index.html]
2022-05-02 17:45:33.410 INFO [main]o.s.jmx.export.annotation.AnnotationMBeanExporter.afterSingletonsInstantiated:433 -Registering beans for JMX exposure on startup
2022-05-02 17:45:33.411 INFO [main]o.s.jmx.export.annotation.AnnotationMBeanExporter.autodetect:895 -Bean with name 'dataSource' has been autodetected for JMX exposure
2022-05-02 17:45:33.417 INFO [main]o.s.jmx.export.annotation.AnnotationMBeanExporter.autodetect:895 -Bean with name 'rabbitConnectionFactory' has been autodetected for JMX exposure
2022-05-02 17:45:33.419 INFO [main]o.s.jmx.export.annotation.AnnotationMBeanExporter.registerBeanInstance:668 -Located MBean 'dataSource': registering with JMX server as MBean [com.alibaba.druid.pool:name=dataSource,type=DruidDataSource]
2022-05-02 17:45:33.421 INFO [main]o.s.jmx.export.annotation.AnnotationMBeanExporter.registerBeanInstance:675 -Located managed bean 'rabbitConnectionFactory': registering with JMX server as MBean [org.springframework.amqp.rabbit.connection:name=rabbitConnectionFactory,type=CachingConnectionFactory]
2022-05-02 17:45:33.444 INFO [main]o.s.context.support.DefaultLifecycleProcessor.start:351 -Starting beans in phase 2147483647
2022-05-02 17:45:33.454 INFO [SimpleAsyncTaskExecutor-1]o.s.amqp.rabbit.connection.CachingConnectionFactory.createBareConnection:447 -Attempting to connect to: [180.76.160.246:5672]
2022-05-02 17:45:33.772 INFO [SimpleAsyncTaskExecutor-1]o.s.amqp.rabbit.connection.CachingConnectionFactory.createBareConnection:463 -Created new connection: rabbitConnectionFactory#1c61eda5:0/SimpleConnection@69f84af [delegate=amqp://gerry@180.76.160.246:5672/, localPort= 52548]
2022-05-02 17:45:34.070 INFO [main]org.apache.coyote.http11.Http11NioProtocol.log:180 -Starting ProtocolHandler ["http-nio-8080"]
2022-05-02 17:45:34.076 INFO [main]org.apache.tomcat.util.net.NioSelectorPool.log:180 -Using a shared selector for servlet write/read
2022-05-02 17:45:34.091 INFO [main]o.s.boot.web.embedded.tomcat.TomcatWebServer.start:206 -Tomcat started on port(s): 8080 (http) with context path ''
2022-05-02 17:45:34.093 INFO [main]net.xdclass.xdvideo.XdvideoApplication.logStarted:59 -Started XdvideoApplication in 3.794 seconds (JVM running for 5.171)
2022-05-02 17:45:38.773 INFO [http-nio-8080-exec-1]o.a.catalina.core.ContainerBase.[Tomcat].[localhost].[/].log:180 -Initializing Spring FrameworkServlet 'dispatcherServlet'
2022-05-02 17:45:38.773 INFO [http-nio-8080-exec-1]org.springframework.web.servlet.DispatcherServlet.initServletBean:494 -FrameworkServlet 'dispatcherServlet': initialization started
2022-05-02 17:45:38.790 INFO [http-nio-8080-exec-1]org.springframework.web.servlet.DispatcherServlet.initServletBean:509 -FrameworkServlet 'dispatcherServlet': initialization completed in 17 ms
